  Trap.cpp
h:\desktop\herbetthebear\sdlengine\tmx\tmxobject.h(6): warning C4091: 'static ': ignored on left of 'const TMX_OBJECT_SHAPES' when no variable is declared
  TMXTileSet.cpp
  TMXObjectGroup.cpp
h:\desktop\herbetthebear\sdlengine\tmx\tmxobject.h(6): warning C4091: 'static ': ignored on left of 'const TMX_OBJECT_SHAPES' when no variable is declared
  TMXObject.cpp
h:\desktop\herbetthebear\sdlengine\tmx\tmxobject.h(6): warning C4091: 'static ': ignored on left of 'const TMX_OBJECT_SHAPES' when no variable is declared
  TMXMap.cpp
h:\desktop\herbetthebear\sdlengine\tmx\tmxobject.h(6): warning C4091: 'static ': ignored on left of 'const TMX_OBJECT_SHAPES' when no variable is declared
  TMXLayer.cpp
  tinyxml2.cpp
  Timer.cpp
  TileMap.cpp
h:\desktop\herbetthebear\sdlengine\tmx\tmxobject.h(6): warning C4091: 'static ': ignored on left of 'const TMX_OBJECT_SHAPES' when no variable is declared
h:\desktop\herbetthebear\sdlengine\tilemap.cpp(43): warning C4018: '<': signed/unsigned mismatch
h:\desktop\herbetthebear\sdlengine\tilemap.cpp(76): warning C4244: '+=': conversion from 'float' to 'int', possible loss of data
h:\desktop\herbetthebear\sdlengine\tilemap.cpp(77): warning C4244: '+=': conversion from 'float' to 'int', possible loss of data
h:\desktop\herbetthebear\sdlengine\tilemap.cpp(112): warning C4244: '=': conversion from 'int' to 'float', possible loss of data
h:\desktop\herbetthebear\sdlengine\tilemap.cpp(114): warning C4244: '=': conversion from 'int' to 'float', possible loss of data
h:\desktop\herbetthebear\sdlengine\tilemap.cpp(116): warning C4244: '=': conversion from 'int' to 'float', possible loss of data
h:\desktop\herbetthebear\sdlengine\tilemap.cpp(118): warning C4244: '=': conversion from 'int' to 'float', possible loss of data
h:\desktop\herbetthebear\sdlengine\tilemap.cpp(125): warning C4244: '=': conversion from 'int' to 'float', possible loss of data
h:\desktop\herbetthebear\sdlengine\tilemap.cpp(127): warning C4244: '=': conversion from 'int' to 'float', possible loss of data
h:\desktop\herbetthebear\sdlengine\tilemap.cpp(129): warning C4244: '+=': conversion from 'float' to 'int', possible loss of data
h:\desktop\herbetthebear\sdlengine\tilemap.cpp(130): warning C4244: '+=': conversion from 'float' to 'int', possible loss of data
h:\desktop\herbetthebear\sdlengine\tilemap.cpp(136): warning C4244: 'initializing': conversion from 'float' to 'int', possible loss of data
h:\desktop\herbetthebear\sdlengine\tilemap.cpp(137): warning C4244: 'initializing': conversion from 'float' to 'int', possible loss of data
h:\desktop\herbetthebear\sdlengine\tilemap.cpp(138): warning C4244: 'initializing': conversion from 'float' to 'int', possible loss of data
h:\desktop\herbetthebear\sdlengine\tilemap.cpp(139): warning C4244: 'initializing': conversion from 'float' to 'int', possible loss of data
  Teddy.cpp
h:\desktop\herbetthebear\sdlengine\tmx\tmxobject.h(6): warning C4091: 'static ': ignored on left of 'const TMX_OBJECT_SHAPES' when no variable is declared
  SpriteFactory.cpp
h:\desktop\herbetthebear\sdlengine\spritefactory.cpp(12): warning C4018: '<': signed/unsigned mismatch
h:\desktop\herbetthebear\sdlengine\spritefactory.cpp(21): warning C4244: '-=': conversion from 'float' to 'int', possible loss of data
h:\desktop\herbetthebear\sdlengine\spritefactory.cpp(22): warning C4244: '-=': conversion from 'float' to 'int', possible loss of data
h:\desktop\herbetthebear\sdlengine\spritefactory.cpp(28): warning C4244: '-=': conversion from 'float' to 'int', possible loss of data
h:\desktop\herbetthebear\sdlengine\spritefactory.cpp(29): warning C4244: '-=': conversion from 'float' to 'int', possible loss of data
h:\desktop\herbetthebear\sdlengine\spritefactory.cpp(35): warning C4018: '<': signed/unsigned mismatch
  Sprite.cpp
  SoundEffect.cpp
  PlayState.cpp
h:\desktop\herbetthebear\sdlengine\tmx\tmxobject.h(6): warning C4091: 'static ': ignored on left of 'const TMX_OBJECT_SHAPES' when no variable is declared
h:\desktop\herbetthebear\sdlengine\playstate.cpp(34): warning C4018: '<': signed/unsigned mismatch
h:\desktop\herbetthebear\sdlengine\playstate.cpp(110): warning C4018: '<': signed/unsigned mismatch
h:\desktop\herbetthebear\sdlengine\playstate.cpp(117): warning C4244: '=': conversion from 'int' to 'float', possible loss of data
h:\desktop\herbetthebear\sdlengine\playstate.cpp(118): warning C4244: '=': conversion from 'int' to 'float', possible loss of data
h:\desktop\herbetthebear\sdlengine\playstate.cpp(123): warning C4244: '=': conversion from 'int' to 'float', possible loss of data
h:\desktop\herbetthebear\sdlengine\playstate.cpp(127): warning C4244: '=': conversion from 'int' to 'float', possible loss of data
h:\desktop\herbetthebear\sdlengine\playstate.cpp(140): warning C4018: '<': signed/unsigned mismatch
h:\desktop\herbetthebear\sdlengine\playstate.cpp(204): warning C4018: '<': signed/unsigned mismatch
h:\desktop\herbetthebear\sdlengine\playstate.cpp(213): warning C4244: '=': conversion from 'float' to 'int', possible loss of data
h:\desktop\herbetthebear\sdlengine\playstate.cpp(214): warning C4244: '=': conversion from 'float' to 'int', possible loss of data
h:\desktop\herbetthebear\sdlengine\playstate.cpp(234): warning C4018: '>=': signed/unsigned mismatch
  Player.cpp
h:\desktop\herbetthebear\sdlengine\tmx\tmxobject.h(6): warning C4091: 'static ': ignored on left of 'const TMX_OBJECT_SHAPES' when no variable is declared
h:\desktop\herbetthebear\sdlengine\player.cpp(29): warning C4552: '-': operator has no effect; expected operator with side-effect
h:\desktop\herbetthebear\sdlengine\player.cpp(60): warning C4244: '=': conversion from 'Uint32' to 'float', possible loss of data
  Music.cpp
  MenuState.cpp
  Main.cpp
h:\desktop\herbetthebear\sdlengine\tmx\tmxobject.h(6): warning C4091: 'static ': ignored on left of 'const TMX_OBJECT_SHAPES' when no variable is declared
h:\desktop\herbetthebear\sdlengine\main.cpp(22): warning C4244: 'argument': conversion from 'time_t' to 'unsigned int', possible loss of data
h:\desktop\herbetthebear\sdlengine\main.cpp(55): warning C4244: 'argument': conversion from 'time_t' to 'unsigned int', possible loss of data
h:\desktop\herbetthebear\sdlengine\main.cpp(92): warning C4996: '_sleep': This function or variable has been superceded by newer library or operating system functionality. Consider using Sleep instead. See online help for details.
  c:\program files (x86)\windows kits\10\include\10.0.10240.0\ucrt\stdlib.h(1266): note: see declaration of '_sleep'
  Ghost.cpp
h:\desktop\herbetthebear\sdlengine\tmx\tmxobject.h(6): warning C4091: 'static ': ignored on left of 'const TMX_OBJECT_SHAPES' when no variable is declared
h:\desktop\herbetthebear\sdlengine\ghost.cpp(6): warning C4018: '<': signed/unsigned mismatch
h:\desktop\herbetthebear\sdlengine\ghost.cpp(29): warning C4244: 'initializing': conversion from 'int' to 'float', possible loss of data
h:\desktop\herbetthebear\sdlengine\ghost.cpp(30): warning C4244: 'initializing': conversion from 'int' to 'float', possible loss of data
h:\desktop\herbetthebear\sdlengine\ghost.cpp(32): warning C4244: '-=': conversion from 'float' to 'int', possible loss of data
h:\desktop\herbetthebear\sdlengine\ghost.cpp(33): warning C4244: '-=': conversion from 'float' to 'int', possible loss of data
  GamestateManager.cpp
  Generating Code...
  Compiling...
  GameState.cpp
h:\desktop\herbetthebear\sdlengine\gamestate.cpp(60): warning C4018: '>=': signed/unsigned mismatch
  GameData.cpp
  Entities.cpp
h:\desktop\herbetthebear\sdlengine\tmx\tmxobject.h(6): warning C4091: 'static ': ignored on left of 'const TMX_OBJECT_SHAPES' when no variable is declared
  Enemy.cpp
h:\desktop\herbetthebear\sdlengine\tmx\tmxobject.h(6): warning C4091: 'static ': ignored on left of 'const TMX_OBJECT_SHAPES' when no variable is declared
  Bear.cpp
h:\desktop\herbetthebear\sdlengine\tmx\tmxobject.h(6): warning C4091: 'static ': ignored on left of 'const TMX_OBJECT_SHAPES' when no variable is declared
h:\desktop\herbetthebear\sdlengine\bear.cpp(68): warning C4244: 'argument': conversion from 'int' to 'float', possible loss of data
  Coin.cpp
h:\desktop\herbetthebear\sdlengine\tmx\tmxobject.h(6): warning C4091: 'static ': ignored on left of 'const TMX_OBJECT_SHAPES' when no variable is declared
  Clown.cpp
h:\desktop\herbetthebear\sdlengine\tmx\tmxobject.h(6): warning C4091: 'static ': ignored on left of 'const TMX_OBJECT_SHAPES' when no variable is declared
h:\desktop\herbetthebear\sdlengine\clown.cpp(7): warning C4244: '=': conversion from 'float' to 'int', possible loss of data
h:\desktop\herbetthebear\sdlengine\clown.cpp(8): warning C4244: '=': conversion from 'float' to 'int', possible loss of data
h:\desktop\herbetthebear\sdlengine\clown.cpp(9): warning C4244: '=': conversion from 'float' to 'int', possible loss of data
h:\desktop\herbetthebear\sdlengine\clown.cpp(10): warning C4244: '=': conversion from 'float' to 'int', possible loss of data
h:\desktop\herbetthebear\sdlengine\clown.cpp(30): warning C4244: 'argument': conversion from 'int' to 'float', possible loss of data
h:\desktop\herbetthebear\sdlengine\clown.cpp(48): warning C4244: '=': conversion from 'int' to 'float', possible loss of data
  AudioManager.cpp
h:\desktop\herbetthebear\sdlengine\audiomanager.cpp(11): warning C4018: '<': signed/unsigned mismatch
h:\desktop\herbetthebear\sdlengine\audiomanager.cpp(18): warning C4018: '<': signed/unsigned mismatch
h:\desktop\herbetthebear\sdlengine\audiomanager.cpp(34): warning C4018: '<': signed/unsigned mismatch
h:\desktop\herbetthebear\sdlengine\audiomanager.cpp(84): warning C4018: '<': signed/unsigned mismatch
h:\desktop\herbetthebear\sdlengine\audiomanager.cpp(102): warning C4018: '<': signed/unsigned mismatch
  Generating Code...
  LINK : H:\Desktop\HerbetTheBear\Debug\SDLEngine.exe not found or not built by the last incremental link; performing full link
  SDLEngine.vcxproj -> H:\Desktop\HerbetTheBear\Debug\SDLEngine.exe
  SDLEngine.vcxproj -> H:\Desktop\HerbetTheBear\Debug\SDLEngine.pdb (Full PDB)
